<?xml version="1.0" encoding="UTF-8"?>
<!-- Generated by org.testng.reporters.JUnitXMLReporter -->
<testsuite ignored="4" hostname="LAPTOP-L4UF5K17" failures="1" tests="3" name="Login Test" time="18.766" errors="0" timestamp="01 Jan 2022 06:52:37 GMT">
  <testcase classname="testscripts.TestLoginTestNG" name="testLogin" time="9.352">
    <failure type="java.lang.AssertionError" message="expected [Order Management - Freight Club1] but found [Order Management - Freight Club]">
      <![CDATA[java.lang.AssertionError: expected [Order Management - Freight Club1] but found [Order Management - Freight Club]
at testscripts.TestLoginTestNG.testLogin(TestLoginTestNG.java:31)
... Removed 30 stack frames]]>
    </failure>
  </testcase> <!-- testLogin -->
  <testcase classname="testscripts.TestAddLocationTestNG" name="testAddLocation" time="4.42"/>
  <testcase classname="testscripts.TestQuickQuoteTestNG" name="testQuickQuote" time="4.305"/>
  <testcase classname="core.BaseTest" name="@BeforeSuite initializeBrowser" time="0.0">
    <ignored/>
  </testcase> <!-- @BeforeSuite initializeBrowser -->
  <testcase classname="core.BaseTest" name="@BeforeSuite initializeBrowser" time="0.0">
    <ignored/>
  </testcase> <!-- @BeforeSuite initializeBrowser -->
  <testcase classname="core.BaseTest" name="@AfterSuite quickBrowser" time="0.0">
    <ignored/>
  </testcase> <!-- @AfterSuite quickBrowser -->
  <testcase classname="core.BaseTest" name="@AfterSuite quickBrowser" time="0.0">
    <ignored/>
  </testcase> <!-- @AfterSuite quickBrowser -->
</testsuite> <!-- Login Test -->
