<?xml version="1.0" encoding="UTF-8"?>
<!-- Generated by org.testng.reporters.JUnitXMLReporter -->
<testsuite ignored="0" hostname="LAPTOP-L4UF5K17" failures="1" tests="1" name="Register Test" time="29.411" errors="0" timestamp="2021-12-31T14:49:44 IST">
  <testcase classname="testscripts.TestLoginTestNG" name="testLogin" time="4.745">
    <failure type="java.lang.AssertionError" message="expected [Order Management - Freight Club] but found [Log in - Freight Club]">
      <![CDATA[java.lang.AssertionError: expected [Order Management - Freight Club] but found [Log in - Freight Club]
at testscripts.TestLoginTestNG.testLogin(TestLoginTestNG.java:26)
at java.base/java.util.ArrayList.forEach(ArrayList.java:1511)
at java.base/java.util.concurrent.FutureTask.run(FutureTask.java:264)
at java.base/java.util.concurrent.ThreadPoolExecutor.runWorker(ThreadPoolExecutor.java:1130)
at java.base/java.util.concurrent.ThreadPoolExecutor$Worker.run(ThreadPoolExecutor.java:630)
at java.base/java.lang.Thread.run(Thread.java:831)
... Removed 24 stack frames]]>
    </failure>
  </testcase> <!-- testLogin -->
</testsuite> <!-- Register Test -->
