<?xml version="1.0" encoding="UTF-8"?>
<!-- Generated by org.testng.reporters.JUnitXMLReporter -->
<testsuite ignored="0" hostname="LAPTOP-L4UF5K17" failures="1" tests="1" name="Test Login" time="9.789" errors="0" timestamp="2022-01-07T12:21:51 IST">
  <testcase classname="testscripts.TestLoginTestNG" name="testLogin" time="9.205">
    <failure type="java.lang.AssertionError" message="expected [Order Management - Freight Club1] but found [Order Management - Freight Club]">
      <![CDATA[java.lang.AssertionError: expected [Order Management - Freight Club1] but found [Order Management - Freight Club]
at testscripts.TestLoginTestNG.testLogin(TestLoginTestNG.java:31)
at java.base/java.util.ArrayList.forEach(ArrayList.java:1511)
... Removed 33 stack frames]]>
    </failure>
  </testcase> <!-- testLogin -->
</testsuite> <!-- Test Login -->
