<?xml version="1.0" encoding="UTF-8"?>
<!-- Generated by org.testng.reporters.JUnitXMLReporter -->
<testsuite ignored="4" hostname="LAPTOP-L4UF5K17" failures="1" tests="3" name="Test" time="17.814" errors="0" timestamp="2021-12-31T14:38:57 IST">
  <testcase classname="testscripts.TestLoginTestNG" name="testLogin" time="8.904">
    <failure type="java.lang.AssertionError" message="expected [Order Management - Freight Club1] but found [Order Management - Freight Club]">
      <![CDATA[java.lang.AssertionError: expected [Order Management - Freight Club1] but found [Order Management - Freight Club]
at testscripts.TestLoginTestNG.testLogin(TestLoginTestNG.java:26)
at java.base/java.util.ArrayList.forEach(ArrayList.java:1511)
... Removed 33 stack frames]]>
    </failure>
  </testcase> <!-- testLogin -->
  <testcase classname="testscripts.TestAddLocationTestNG" name="testAddLocation" time="4.345"/>
  <testcase classname="testscripts.TestQuickQuoteTestNG" name="testQuickQuote" time="4.465"/>
  <testcase classname="core.BaseTest" name="@BeforeSuite initializeBrowser" time="0.0">
    <ignored/>
  </testcase> <!-- @BeforeSuite initializeBrowser -->
  <testcase classname="core.BaseTest" name="@BeforeSuite initializeBrowser" time="0.0">
    <ignored/>
  </testcase> <!-- @BeforeSuite initializeBrowser -->
  <testcase classname="core.BaseTest" name="@AfterSuite quickBrowser" time="0.0">
    <ignored/>
  </testcase> <!-- @AfterSuite quickBrowser -->
  <testcase classname="core.BaseTest" name="@AfterSuite quickBrowser" time="0.0">
    <ignored/>
  </testcase> <!-- @AfterSuite quickBrowser -->
</testsuite> <!-- Test -->
